Jun-25 11:14:39.060 [main] DEBUG nextflow.cli.Launcher - $> nextflow run dsa_pipeline/main.nf --run pipeline
Jun-25 11:14:39.182 [main] DEBUG nextflow.cli.CmdRun - N E X T F L O W  ~  version 26.04.3
Jun-25 11:14:39.224 [main] DEBUG nextflow.plugin.PluginsFacade - Setting up plugin manager > mode=prod; embedded=false; plugins-dir=/home/olivucci/.nextflow/plugins; core-plugins: nf-amazon@3.9.1,nf-azure@1.22.5,nf-cloudcache@0.6.0,nf-codecommit@0.5.2,nf-console@1.3.0,nf-google@1.27.3,nf-k8s@1.5.4,nf-seqera@0.20.1,nf-tower@1.28.0,nf-wave@1.21.0
Jun-25 11:14:39.272 [main] INFO  o.pf4j.DefaultPluginStatusProvider - Enabled plugins: []
Jun-25 11:14:39.275 [main] INFO  o.pf4j.DefaultPluginStatusProvider - Disabled plugins: []
Jun-25 11:14:39.280 [main] INFO  org.pf4j.DefaultPluginManager - PF4J version 3.14.1 in 'deployment' mode
Jun-25 11:14:39.305 [main] DEBUG nextflow.util.RetryConfig - Missing nextflow session - using default retry config
Jun-25 11:14:39.501 [main] DEBUG nextflow.plugin.PluginUpdater - Using plugin repository: HttpPluginRepository [registry]; url=https://registry.nextflow.io/api
Jun-25 11:14:39.536 [main] INFO  org.pf4j.AbstractPluginManager - No plugins
Jun-25 11:14:39.677 [main] DEBUG nextflow.scm.ProviderConfig - Using SCM config path: /home/olivucci/.nextflow/scm
Jun-25 11:14:39.703 [main] DEBUG nextflow.scm.AssetManager - Listing projects in folder: /home/olivucci/.nextflow/assets
Jun-25 11:14:39.714 [main] DEBUG nextflow.scm.AssetManager - Selecting multi-revision strategy
Jun-25 11:14:39.862 [main] DEBUG nextflow.scm.RepositoryFactory - Found Git repository result: [RepositoryFactory]
Jun-25 11:14:39.886 [main] INFO  nextflow.cli.CmdRun - Pulling nextflow-io/dsa_pipeline ...
Jun-25 11:14:39.890 [main] DEBUG nextflow.scm.RepositoryProvider - Request [credentials -:-] -> https://api.github.com/repos/nextflow-io/dsa_pipeline/contents/main.nf
Jun-25 11:14:41.511 [main] DEBUG nextflow.scm.RepositoryProvider - Response status: 404 -- [123, 34, 109, 101, 115, 115, 97, 103, 101, 34, 58, 34, 78, 111, 116, 32, 70, 111, 117, 110, 100, 34, 44, 34, 100, 111, 99, 117, 109, 101, 110, 116, 97, 116, 105, 111, 110, 95, 117, 114, 108, 34, 58, 34, 104, 116, 116, 112, 115, 58, 47, 47, 100, 111, 99, 115, 46, 103, 105, 116, 104, 117, 98, 46, 99, 111, 109, 47, 114, 101, 115, 116, 47, 114, 101, 112, 111, 115, 47, 99, 111, 110, 116, 101, 110, 116, 115, 35, 103, 101, 116, 45, 114, 101, 112, 111, 115, 105, 116, 111, 114, 121, 45, 99, 111, 110, 116, 101, 110, 116, 34, 44, 34, 115, 116, 97, 116, 117, 115, 34, 58, 34, 52, 48, 52, 34, 125]
Jun-25 11:14:41.520 [main] DEBUG nextflow.cli.Launcher - Operation aborted
nextflow.exception.AbortOperationException: Remote resource not found: https://api.github.com/repos/nextflow-io/dsa_pipeline/contents/main.nf
	at nextflow.scm.RepositoryProvider.checkResponse(RepositoryProvider.groovy:309)
	at nextflow.scm.RepositoryProvider.invokeBytes(RepositoryProvider.groovy:255)
	at nextflow.scm.RepositoryProvider.invoke(RepositoryProvider.groovy:238)
	at nextflow.scm.RepositoryProvider.memoizedMethodPriv$invokeAndParseResponseString(RepositoryProvider.groovy:380)
	at java.base/jdk.internal.reflect.DirectMethodHandleAccessor.invoke(DirectMethodHandleAccessor.java:103)
	at java.base/java.lang.reflect.Method.invoke(Method.java:580)
	at org.codehaus.groovy.reflection.CachedMethod.invoke(CachedMethod.java:343)
	at groovy.lang.MetaMethod.doMethodInvoke(MetaMethod.java:328)
	at groovy.lang.MetaClassImpl.doInvokeMethod(MetaClassImpl.java:1341)
	at groovy.lang.MetaClassImpl.invokeMethod(MetaClassImpl.java:1096)
	at groovy.lang.MetaClassImpl.invokeMethod(MetaClassImpl.java:1009)
	at org.codehaus.groovy.runtime.InvokerHelper.invokePogoMethod(InvokerHelper.java:645)
	at org.codehaus.groovy.runtime.InvokerHelper.invokeMethod(InvokerHelper.java:628)
	at org.codehaus.groovy.runtime.InvokerHelper.invokeMethodSafe(InvokerHelper.java:82)
	at nextflow.scm.RepositoryProvider$_closure3.doCall(RepositoryProvider.groovy)
	at java.base/jdk.internal.reflect.DirectMethodHandleAccessor.invoke(DirectMethodHandleAccessor.java:103)
	at java.base/java.lang.reflect.Method.invoke(Method.java:580)
	at org.codehaus.groovy.reflection.CachedMethod.invoke(CachedMethod.java:343)
	at groovy.lang.MetaMethod.doMethodInvoke(MetaMethod.java:328)
	at org.codehaus.groovy.runtime.metaclass.ClosureMetaClass.invokeMethod(ClosureMetaClass.java:280)
	at groovy.lang.MetaClassImpl.invokeMethod(MetaClassImpl.java:1009)
	at groovy.lang.Closure.call(Closure.java:433)
	at org.codehaus.groovy.runtime.memoize.Memoize$MemoizeFunction.lambda$call$0(Memoize.java:137)
	at org.codehaus.groovy.runtime.memoize.ConcurrentCommonCache.getAndPut(ConcurrentCommonCache.java:137)
	at org.codehaus.groovy.runtime.memoize.ConcurrentCommonCache.getAndPut(ConcurrentCommonCache.java:113)
	at org.codehaus.groovy.runtime.memoize.Memoize$MemoizeFunction.call(Memoize.java:136)
	at groovy.lang.Closure.call(Closure.java:422)
	at nextflow.scm.RepositoryProvider.invokeAndParseResponse(RepositoryProvider.groovy)
	at nextflow.scm.GithubRepositoryProvider.readBytes(GithubRepositoryProvider.groovy:118)
	at nextflow.scm.RepositoryProvider.validateFor(RepositoryProvider.groovy:438)
	at nextflow.scm.AssetManager.checkValidRemoteRepo(AssetManager.groovy:534)
	at nextflow.scm.AssetManager.download(AssetManager.groovy:768)
	at nextflow.cli.CmdRun.getScriptFile0(CmdRun.groovy:635)
	at nextflow.cli.CmdRun.getScriptFile(CmdRun.groovy:567)
	at nextflow.cli.CmdRun.run(CmdRun.groovy:337)
	at nextflow.cli.Launcher.run(Launcher.groovy:526)
	at nextflow.cli.Launcher.main(Launcher.groovy:686)
